<?xml version="1.0" encoding="UTF-8"?>
<!-- Generated by org.testng.reporters.JUnitReportReporter -->
<testsuite skipped="0" hostname="DESKTOP-G5OR1MT" name="com.demo.test.scripts.DemoTest" tests="1" failures="0" timestamp="2021-12-30T11:16:18 EST" time="15.157" errors="0">
  <testcase name="logIn" time="15.157" classname="com.demo.test.scripts.DemoTest"/>
  <system-out/>
</testsuite> <!-- com.demo.test.scripts.DemoTest -->
